      3 S thread_load
----------
      1 S thread_load
----------
----------
----------
----------
----------
----------
----------
----------
----------
      1 >R thread_load
      2 R thread_load
      9 S thread_load
----------
      1 >R thread_load
      1 R thread_load
     10 S thread_load
----------
      2 >R thread_load
     10 S thread_load
----------
     12 S thread_load
----------
      1 >R thread_load
      2 R thread_load
      9 S thread_load
----------
      3 >R thread_load
      9 S thread_load
----------
      2 >R thread_load
      1 R thread_load
      9 S thread_load
----------
      1 >R thread_load
     11 S thread_load
----------
      1 R thread_load
     11 S thread_load
----------
      2 >R thread_load
     10 S thread_load
----------
      3 >R thread_load
      9 S thread_load
----------
      2 >R thread_load
     10 S thread_load
----------
      3 >R thread_load
      9 S thread_load
----------
      2 >R thread_load
     10 S thread_load
----------
      2 >R thread_load
     10 S thread_load
----------
      1 >R thread_load
      1 R thread_load
     10 S thread_load
----------
      2 >R thread_load
      2 R thread_load
      8 S thread_load
----------
      2 >R thread_load
      1 R thread_load
      9 S thread_load
----------
      1 R thread_load
     11 S thread_load
----------
      3 >R thread_load
      9 S thread_load
----------
      1 >R thread_load
     11 S thread_load
----------
      1 >R thread_load
     11 S thread_load
----------
      2 >R thread_load
      1 R thread_load
      9 S thread_load
----------
      5 >R thread_load
      7 S thread_load
----------
      1 R thread_load
     11 S thread_load
----------
      3 >R thread_load
      9 S thread_load
----------
      2 R thread_load
     10 S thread_load
----------
      2 >R thread_load
      2 R thread_load
      8 S thread_load
----------
     12 S thread_load
----------
      1 R thread_load
     11 S thread_load
----------
      2 >R thread_load
     10 S thread_load
----------
      1 R thread_load
     11 S thread_load
----------
      1 >R thread_load
      1 R thread_load
     10 S thread_load
----------
      1 >R thread_load
      1 R thread_load
     10 S thread_load
----------
      1 >R thread_load
     11 S thread_load
----------
      1 >R thread_load
     11 S thread_load
----------
      1 >R thread_load
     11 S thread_load
----------
      1 >R thread_load
      1 R thread_load
     10 S thread_load
----------
      2 >R thread_load
     10 S thread_load
----------
      3 >R thread_load
      9 S thread_load
----------
      3 >R thread_load
      1 R thread_load
      8 S thread_load
----------
      1 >R thread_load
      1 R thread_load
     10 S thread_load
----------
      4 >R thread_load
      8 S thread_load
----------
      1 R thread_load
     11 S thread_load
----------
      3 >R thread_load
      9 S thread_load
----------
      4 >R thread_load
      1 R thread_load
      7 S thread_load
----------
      1 >R thread_load
     11 S thread_load
----------
      1 >R thread_load
     11 S thread_load
----------
      1 >R thread_load
      1 R thread_load
     10 S thread_load
----------
      1 >R thread_load
     11 S thread_load
----------
     12 S thread_load
----------
      3 >R thread_load
      9 S thread_load
----------
      2 >R thread_load
     10 S thread_load
----------
      2 >R thread_load
     10 S thread_load
----------
      2 >R thread_load
     10 S thread_load
----------
      2 >R thread_load
     10 S thread_load
----------
      2 >R thread_load
     10 S thread_load
----------
      3 >R thread_load
      9 S thread_load
----------
      4 >R thread_load
      8 S thread_load
----------
     12 S thread_load
----------
      1 >R thread_load
      1 R thread_load
     10 S thread_load
----------
      3 >R thread_load
      9 S thread_load
----------
      2 >R thread_load
     10 S thread_load
----------
      1 >R thread_load
      1 R thread_load
     10 S thread_load
----------
      2 >R thread_load
     10 S thread_load
----------
      1 >R thread_load
     11 S thread_load
----------
      2 >R thread_load
     10 S thread_load
----------
      2 >R thread_load
     10 S thread_load
----------
      1 >R thread_load
     11 S thread_load
----------
      4 >R thread_load
      1 R thread_load
      7 S thread_load
----------
      1 >R thread_load
     11 S thread_load
----------
     12 S thread_load
----------
      2 >R thread_load
     10 S thread_load
----------
     12 S thread_load
----------
      1 >R thread_load
     11 S thread_load
----------
      4 >R thread_load
      1 R thread_load
      7 S thread_load
----------
      1 R thread_load
     11 S thread_load
----------
      1 R thread_load
     11 S thread_load
----------
      3 >R thread_load
      2 R thread_load
      7 S thread_load
----------
      4 >R thread_load
      8 S thread_load
----------
      2 >R thread_load
      1 R thread_load
      9 S thread_load
----------
      2 >R thread_load
      1 R thread_load
      9 S thread_load
----------
      2 >R thread_load
     10 S thread_load
----------
      1 >R thread_load
      1 R thread_load
     10 S thread_load
----------
      4 >R thread_load
      1 R thread_load
      7 S thread_load
----------
      3 >R thread_load
      1 R thread_load
      8 S thread_load
----------
      2 >R thread_load
     10 S thread_load
----------
      3 >R thread_load
      9 S thread_load
----------
      3 >R thread_load
      9 S thread_load
----------
      1 >R thread_load
     11 S thread_load
----------
      1 >R thread_load
     11 S thread_load
----------
      3 >R thread_load
      9 S thread_load
----------
      1 >R thread_load
     11 S thread_load
----------
     12 S thread_load
----------
      2 >R thread_load
      1 R thread_load
      9 S thread_load
----------
      1 >R thread_load
      1 R thread_load
     10 S thread_load
----------
      2 >R thread_load
     10 S thread_load
----------
      1 >R thread_load
      1 R thread_load
     10 S thread_load
----------
      1 >R thread_load
     11 S thread_load
----------
      1 >R thread_load
      1 R thread_load
     10 S thread_load
----------
      5 >R thread_load
      7 S thread_load
----------
      4 >R thread_load
      1 R thread_load
      7 S thread_load
----------
      3 >R thread_load
      9 S thread_load
----------
      3 >R thread_load
      1 R thread_load
      8 S thread_load
----------
      1 >R thread_load
      1 R thread_load
     10 S thread_load
----------
      3 >R thread_load
      9 S thread_load
----------
      4 >R thread_load
      8 S thread_load
----------
      2 >R thread_load
      1 R thread_load
      9 S thread_load
----------
      3 >R thread_load
      9 S thread_load
----------
      1 >R thread_load
     11 S thread_load
----------
      3 >R thread_load
      9 S thread_load
----------
      2 R thread_load
     10 S thread_load
----------
      1 S thread_load
----------
      1 S thread_load
----------
----------
----------
----------
----------
----------
----------
----------
----------
      4 >R thread_load
     13 S thread_load
----------
      3 >R thread_load
     14 S thread_load
----------
      2 >R thread_load
      1 R thread_load
     14 S thread_load
----------
      3 >R thread_load
      1 R thread_load
     13 S thread_load
----------
      2 >R thread_load
     15 S thread_load
----------
      4 >R thread_load
      1 R thread_load
     12 S thread_load
----------
      4 >R thread_load
     13 S thread_load
----------
      3 >R thread_load
      1 R thread_load
     13 S thread_load
----------
      1 >R thread_load
      1 R thread_load
     15 S thread_load
----------
      1 >R thread_load
      2 R thread_load
     14 S thread_load
----------
      4 >R thread_load
     13 S thread_load
----------
      7 >R thread_load
     10 S thread_load
----------
      5 >R thread_load
     12 S thread_load
----------
      1 >R thread_load
      2 R thread_load
     14 S thread_load
----------
      1 >R thread_load
     16 S thread_load
----------
      4 >R thread_load
     13 S thread_load
----------
      3 >R thread_load
      1 R thread_load
     13 S thread_load
----------
      4 >R thread_load
     13 S thread_load
----------
      5 >R thread_load
     12 S thread_load
----------
      4 >R thread_load
     13 S thread_load
----------
      3 >R thread_load
      1 R thread_load
     13 S thread_load
----------
      2 >R thread_load
     15 S thread_load
----------
      5 >R thread_load
     12 S thread_load
----------
      3 >R thread_load
     14 S thread_load
----------
     17 S thread_load
----------
      5 >R thread_load
     12 S thread_load
----------
      5 >R thread_load
      1 R thread_load
     11 S thread_load
----------
      4 >R thread_load
      1 R thread_load
     12 S thread_load
----------
      4 >R thread_load
      1 R thread_load
     12 S thread_load
----------
      3 >R thread_load
     14 S thread_load
----------
      4 >R thread_load
     13 S thread_load
----------
      4 >R thread_load
     13 S thread_load
----------
      2 >R thread_load
      1 R thread_load
     14 S thread_load
----------
      4 >R thread_load
     13 S thread_load
----------
      2 >R thread_load
      1 R thread_load
     14 S thread_load
----------
      3 >R thread_load
      1 R thread_load
     13 S thread_load
----------
      1 >R thread_load
      1 R thread_load
     15 S thread_load
----------
      2 >R thread_load
     15 S thread_load
----------
      2 >R thread_load
     15 S thread_load
----------
      1 >R thread_load
      1 R thread_load
     15 S thread_load
----------
      4 >R thread_load
      2 R thread_load
     11 S thread_load
----------
      1 >R thread_load
     16 S thread_load
----------
      2 >R thread_load
      1 R thread_load
     14 S thread_load
----------
      3 >R thread_load
      2 R thread_load
     12 S thread_load
----------
      2 >R thread_load
     15 S thread_load
----------
      2 >R thread_load
      1 R thread_load
     14 S thread_load
----------
      3 >R thread_load
     14 S thread_load
----------
      2 >R thread_load
     15 S thread_load
----------
      5 >R thread_load
     12 S thread_load
----------
      3 >R thread_load
      2 R thread_load
     12 S thread_load
----------
      4 >R thread_load
     13 S thread_load
----------
      3 >R thread_load
     14 S thread_load
----------
     17 S thread_load
----------
      3 >R thread_load
     14 S thread_load
----------
      3 >R thread_load
     14 S thread_load
----------
      5 >R thread_load
      1 R thread_load
     11 S thread_load
----------
      1 R thread_load
     16 S thread_load
----------
      1 >R thread_load
      1 R thread_load
     15 S thread_load
----------
      4 >R thread_load
      1 R thread_load
     12 S thread_load
----------
      1 >R thread_load
     16 S thread_load
----------
      6 >R thread_load
      1 R thread_load
     10 S thread_load
----------
      3 >R thread_load
      1 R thread_load
     13 S thread_load
----------
      4 >R thread_load
     13 S thread_load
----------
      2 >R thread_load
      1 R thread_load
     14 S thread_load
----------
      2 >R thread_load
     15 S thread_load
----------
      5 >R thread_load
      2 R thread_load
     10 S thread_load
----------
      4 >R thread_load
     13 S thread_load
----------
      4 >R thread_load
     13 S thread_load
----------
      2 >R thread_load
      1 R thread_load
     14 S thread_load
----------
      3 >R thread_load
      1 R thread_load
     13 S thread_load
----------
      6 >R thread_load
     11 S thread_load
----------
      4 >R thread_load
     13 S thread_load
----------
      6 >R thread_load
      2 R thread_load
      9 S thread_load
----------
      4 >R thread_load
     13 S thread_load
----------
      5 >R thread_load
     12 S thread_load
----------
      2 >R thread_load
      4 S thread_load
----------
      1 S thread_load
----------
----------
----------
----------
----------
----------
----------
----------
----------
      3 >R thread_load
      1 R thread_load
     18 S thread_load
----------
      5 >R thread_load
      1 R thread_load
     16 S thread_load
----------
      4 >R thread_load
      1 R thread_load
     17 S thread_load
----------
      6 >R thread_load
      1 R thread_load
     15 S thread_load
----------
      3 >R thread_load
      1 R thread_load
     18 S thread_load
----------
      4 >R thread_load
      1 R thread_load
     17 S thread_load
----------
      2 >R thread_load
      3 R thread_load
     17 S thread_load
----------
      3 >R thread_load
     19 S thread_load
----------
      6 >R thread_load
      1 R thread_load
     15 S thread_load
----------
      4 >R thread_load
      1 R thread_load
     17 S thread_load
----------
      2 >R thread_load
     20 S thread_load
----------
      4 >R thread_load
      1 R thread_load
     17 S thread_load
----------
      3 >R thread_load
      2 R thread_load
     17 S thread_load
----------
      4 >R thread_load
     18 S thread_load
----------
      8 >R thread_load
     14 S thread_load
----------
      6 >R thread_load
     16 S thread_load
----------
      5 >R thread_load
      1 R thread_load
     16 S thread_load
----------
      4 >R thread_load
      1 R thread_load
     17 S thread_load
----------
      2 >R thread_load
      1 R thread_load
     19 S thread_load
----------
      5 >R thread_load
      2 R thread_load
     15 S thread_load
----------
      3 >R thread_load
      2 R thread_load
     17 S thread_load
----------
      2 >R thread_load
      2 R thread_load
     18 S thread_load
----------
      1 >R thread_load
      2 R thread_load
     19 S thread_load
----------
      3 >R thread_load
      2 R thread_load
     17 S thread_load
----------
      6 >R thread_load
      2 R thread_load
     14 S thread_load
----------
      4 >R thread_load
      2 R thread_load
     16 S thread_load
----------
      5 >R thread_load
      1 R thread_load
     16 S thread_load
----------
      4 >R thread_load
      1 R thread_load
     17 S thread_load
----------
      7 >R thread_load
      1 R thread_load
     14 S thread_load
----------
      5 >R thread_load
      1 R thread_load
     16 S thread_load
----------
      4 >R thread_load
     18 S thread_load
----------
      3 >R thread_load
      1 R thread_load
     18 S thread_load
----------
      6 >R thread_load
      1 R thread_load
     15 S thread_load
----------
      3 >R thread_load
     19 S thread_load
----------
      1 >R thread_load
      3 R thread_load
     18 S thread_load
----------
      4 >R thread_load
      1 R thread_load
     17 S thread_load
----------
      2 >R thread_load
      2 R thread_load
     18 S thread_load
----------
      5 >R thread_load
      2 R thread_load
     15 S thread_load
----------
      4 >R thread_load
     18 S thread_load
----------
      3 >R thread_load
      1 R thread_load
     18 S thread_load
----------
      4 >R thread_load
      1 R thread_load
     17 S thread_load
----------
      5 >R thread_load
     17 S thread_load
----------
      3 >R thread_load
      2 R thread_load
     17 S thread_load
----------
      1 >R thread_load
      2 R thread_load
     19 S thread_load
----------
      3 >R thread_load
     19 S thread_load
----------
      6 >R thread_load
      1 R thread_load
     15 S thread_load
----------
      1 >R thread_load
     21 S thread_load
----------
      5 >R thread_load
      1 R thread_load
     16 S thread_load
----------
      6 >R thread_load
      2 R thread_load
     14 S thread_load
----------
      7 >R thread_load
     15 S thread_load
----------
      5 >R thread_load
     17 S thread_load
----------
      2 >R thread_load
      2 R thread_load
     18 S thread_load
----------
      4 >R thread_load
     18 S thread_load
----------
      3 >R thread_load
      2 R thread_load
     17 S thread_load
----------
      2 >R thread_load
      1 R thread_load
     19 S thread_load
----------
      4 >R thread_load
     18 S thread_load
----------
      4 >R thread_load
      1 R thread_load
     17 S thread_load
----------
      1 S thread_load
----------
----------
----------
----------
----------
----------
----------
----------
----------
      7 >R thread_load
     20 S thread_load
----------
      6 >R thread_load
      1 R thread_load
     20 S thread_load
----------
      4 >R thread_load
      1 R thread_load
     22 S thread_load
----------
      5 >R thread_load
      3 R thread_load
     19 S thread_load
----------
      6 >R thread_load
     21 S thread_load
----------
      7 >R thread_load
      1 R thread_load
     19 S thread_load
----------
      8 >R thread_load
     19 S thread_load
----------
      8 >R thread_load
     19 S thread_load
----------
      9 >R thread_load
      1 R thread_load
     17 S thread_load
----------
      6 >R thread_load
      2 R thread_load
     19 S thread_load
----------
      5 >R thread_load
      1 R thread_load
     21 S thread_load
----------
      5 >R thread_load
      3 R thread_load
     19 S thread_load
----------
      4 >R thread_load
      1 R thread_load
     22 S thread_load
----------
      6 >R thread_load
      1 R thread_load
     20 S thread_load
----------
      7 >R thread_load
      1 R thread_load
     19 S thread_load
----------
      2 >R thread_load
     25 S thread_load
----------
      8 >R thread_load
      2 R thread_load
     17 S thread_load
----------
      5 >R thread_load
      1 R thread_load
     21 S thread_load
----------
      9 >R thread_load
      1 R thread_load
     17 S thread_load
----------
      6 >R thread_load
      1 R thread_load
     20 S thread_load
----------
      5 >R thread_load
      2 R thread_load
     20 S thread_load
----------
      7 >R thread_load
      3 R thread_load
     17 S thread_load
----------
      6 >R thread_load
     21 S thread_load
----------
      8 >R thread_load
     19 S thread_load
----------
      5 >R thread_load
      1 R thread_load
     21 S thread_load
----------
      8 >R thread_load
     19 S thread_load
----------
      8 >R thread_load
     19 S thread_load
----------
      9 >R thread_load
      1 R thread_load
     17 S thread_load
----------
      9 >R thread_load
     18 S thread_load
----------
      6 >R thread_load
      3 R thread_load
     18 S thread_load
----------
     10 >R thread_load
      1 R thread_load
     16 S thread_load
----------
      6 >R thread_load
      1 R thread_load
     20 S thread_load
----------
      7 >R thread_load
     20 S thread_load
----------
      3 >R thread_load
      2 R thread_load
     22 S thread_load
----------
      2 >R thread_load
      2 R thread_load
     23 S thread_load
----------
      2 >R thread_load
      2 R thread_load
     23 S thread_load
----------
      5 >R thread_load
     22 S thread_load
----------
      8 >R thread_load
      1 R thread_load
     18 S thread_load
----------
      3 >R thread_load
      3 R thread_load
     21 S thread_load
----------
      2 >R thread_load
      2 R thread_load
     23 S thread_load
----------
      6 >R thread_load
      1 R thread_load
     20 S thread_load
----------
      6 >R thread_load
      1 R thread_load
     20 S thread_load
----------
      5 >R thread_load
      1 R thread_load
     21 S thread_load
----------
      8 >R thread_load
      3 R thread_load
     16 S thread_load
----------
      3 >R thread_load
      1 R thread_load
     23 S thread_load
----------
      7 >R thread_load
      2 R thread_load
     18 S thread_load
----------
      1 S thread_load
----------
      1 S thread_load
----------
----------
----------
----------
----------
----------
----------
----------
----------
      9 >R thread_load
      1 R thread_load
     22 S thread_load
----------
      4 >R thread_load
      2 R thread_load
     26 S thread_load
----------
      3 >R thread_load
      1 R thread_load
     28 S thread_load
----------
      9 >R thread_load
      3 R thread_load
     20 S thread_load
----------
     12 >R thread_load
     20 S thread_load
----------
      1 >R thread_load
      1 R thread_load
     30 S thread_load
----------
     12 >R thread_load
      1 R thread_load
     19 S thread_load
----------
      7 >R thread_load
      2 R thread_load
     23 S thread_load
----------
      6 >R thread_load
     26 S thread_load
----------
      5 >R thread_load
     27 S thread_load
----------
      5 >R thread_load
      2 R thread_load
     25 S thread_load
----------
      2 >R thread_load
     30 S thread_load
----------
      5 >R thread_load
      3 R thread_load
     24 S thread_load
----------
      5 >R thread_load
      3 R thread_load
     24 S thread_load
----------
      4 >R thread_load
      1 R thread_load
     27 S thread_load
----------
      6 >R thread_load
      4 R thread_load
     22 S thread_load
----------
      4 >R thread_load
      2 R thread_load
     26 S thread_load
----------
      5 >R thread_load
      3 R thread_load
     23 S thread_load
----------
      4 >R thread_load
      1 R thread_load
     27 S thread_load
----------
      5 >R thread_load
      4 R thread_load
     23 S thread_load
----------
      8 >R thread_load
      1 R thread_load
     23 S thread_load
----------
     10 >R thread_load
      1 R thread_load
     21 S thread_load
----------
      5 >R thread_load
      2 R thread_load
     25 S thread_load
----------
      5 >R thread_load
     27 S thread_load
----------
      7 >R thread_load
      1 R thread_load
     24 S thread_load
----------
      4 >R thread_load
      4 R thread_load
     24 S thread_load
----------
     12 >R thread_load
      2 R thread_load
     18 S thread_load
----------
      7 >R thread_load
      5 R thread_load
     20 S thread_load
----------
      7 >R thread_load
      1 R thread_load
     24 S thread_load
----------
      9 >R thread_load
     23 S thread_load
----------
      2 >R thread_load
      1 R thread_load
     29 S thread_load
----------
      4 >R thread_load
      4 R thread_load
     24 S thread_load
----------
      9 >R thread_load
      1 R thread_load
     22 S thread_load
----------
      6 >R thread_load
      3 R thread_load
     23 S thread_load
----------
      9 >R thread_load
      1 R thread_load
     22 S thread_load
----------
      7 >R thread_load
     25 S thread_load
----------
      7 >R thread_load
     25 S thread_load
----------
     10 >R thread_load
     22 S thread_load
----------
      1 S thread_load
----------
----------
----------
----------
----------
----------
----------
----------
----------
     11 >R thread_load
      1 R thread_load
     26 S thread_load
----------
     10 >R thread_load
      2 R thread_load
     23 S thread_load
----------
     12 >R thread_load
      3 R thread_load
     23 S thread_load
----------
      4 >R thread_load
      1 R thread_load
     31 S thread_load
----------
     13 >R thread_load
      3 R thread_load
     22 S thread_load
----------
      8 >R thread_load
      4 R thread_load
     27 S thread_load
----------
     10 >R thread_load
      2 R thread_load
     26 S thread_load
----------
     12 >R thread_load
     27 S thread_load
----------
      5 >R thread_load
      2 R thread_load
     27 S thread_load
----------
      9 >R thread_load
      1 R thread_load
     26 S thread_load
----------
      7 >R thread_load
      1 R thread_load
     29 S thread_load
----------
     11 >R thread_load
      2 R thread_load
     23 S thread_load
----------
     13 >R thread_load
      2 R thread_load
     23 S thread_load
----------
      8 >R thread_load
      3 R thread_load
     26 S thread_load
----------
      5 >R thread_load
      4 R thread_load
     29 S thread_load
----------
      5 >R thread_load
      3 R thread_load
     32 S thread_load
----------
      5 >R thread_load
      1 R thread_load
     29 S thread_load
----------
      7 >R thread_load
      1 R thread_load
     29 S thread_load
----------
      7 >R thread_load
      1 R thread_load
     27 S thread_load
----------
     13 >R thread_load
      3 R thread_load
     22 S thread_load
----------
     12 >R thread_load
      2 R thread_load
     21 S thread_load
----------
      7 >R thread_load
      1 R thread_load
     30 S thread_load
----------
      5 >R thread_load
      1 R thread_load
     30 S thread_load
----------
      8 >R thread_load
      1 R thread_load
     28 S thread_load
----------
      8 >R thread_load
      2 R thread_load
     27 S thread_load
----------
     13 >R thread_load
     23 S thread_load
----------
      7 >R thread_load
      5 R thread_load
     26 S thread_load
----------
      4 >R thread_load
      5 R thread_load
     30 S thread_load
----------
      7 >R thread_load
      2 R thread_load
     29 S thread_load
----------
      8 >R thread_load
      3 R thread_load
     27 S thread_load
----------
      6 >R thread_load
      3 R thread_load
     30 S thread_load
----------
     11 >R thread_load
      3 R thread_load
     23 S thread_load
----------
      1 S thread_load
----------
----------
----------
----------
----------
----------
----------
----------
----------
     11 >R thread_load
      3 R thread_load
     26 S thread_load
----------
     12 >R thread_load
      3 R thread_load
     25 S thread_load
----------
     10 >R thread_load
      5 R thread_load
     31 S thread_load
----------
     15 >R thread_load
      6 R thread_load
     24 S thread_load
----------
      7 >R thread_load
      5 R thread_load
     32 S thread_load
----------
      8 >R thread_load
      6 R thread_load
     27 S thread_load
----------
     12 >R thread_load
      3 R thread_load
     28 S thread_load
----------
      8 >R thread_load
      4 R thread_load
     31 S thread_load
----------
      9 >R thread_load
      5 R thread_load
     25 S thread_load
----------
     14 >R thread_load
      2 R thread_load
     20 S thread_load
----------
     11 >R thread_load
      5 R thread_load
     26 S thread_load
----------
     13 >R thread_load
      2 R thread_load
     23 S thread_load
----------
      8 >R thread_load
      3 R thread_load
     30 S thread_load
----------
     11 >R thread_load
      4 R thread_load
     21 S thread_load
----------
     11 >R thread_load
      2 R thread_load
     28 S thread_load
----------
      9 >R thread_load
      5 R thread_load
     26 S thread_load
----------
     11 >R thread_load
      4 R thread_load
     29 S thread_load
----------
     13 >R thread_load
      3 R thread_load
     27 S thread_load
----------
      9 >R thread_load
      2 R thread_load
     29 S thread_load
----------
     13 >R thread_load
      5 R thread_load
     24 S thread_load
----------
     11 >R thread_load
      5 R thread_load
     27 S thread_load
----------
     14 >R thread_load
      2 R thread_load
     27 S thread_load
----------
     10 >R thread_load
      4 R thread_load
     25 S thread_load
----------
      7 >R thread_load
      2 R thread_load
     35 S thread_load
----------
     10 >R thread_load
      5 R thread_load
     26 S thread_load
----------
      8 >R thread_load
      4 R thread_load
     32 S thread_load
----------
     11 >R thread_load
      3 R thread_load
     29 S thread_load
----------
      1 S thread_load
----------
      1 S thread_load
----------
----------
----------
----------
----------
----------
----------
----------
      7 >R thread_load
      1 R thread_load
     15 S thread_load
----------
      9 >R thread_load
      4 R thread_load
     37 S thread_load
----------
     11 >R thread_load
      4 R thread_load
     29 S thread_load
----------
      9 >R thread_load
     10 R thread_load
     29 S thread_load
----------
     12 >R thread_load
      3 R thread_load
     31 S thread_load
----------
     12 >R thread_load
      3 R thread_load
     34 S thread_load
----------
     12 >R thread_load
      4 R thread_load
     33 S thread_load
----------
     16 >R thread_load
      5 R thread_load
     21 S thread_load
----------
     10 >R thread_load
      3 R thread_load
     28 S thread_load
----------
     11 >R thread_load
      5 R thread_load
     28 S thread_load
----------
     12 >R thread_load
     11 R thread_load
     29 S thread_load
----------
     15 >R thread_load
      3 R thread_load
     28 S thread_load
----------
     11 >R thread_load
      2 R thread_load
     31 S thread_load
----------
     13 >R thread_load
      4 R thread_load
     29 S thread_load
----------
      9 >R thread_load
      3 R thread_load
     33 S thread_load
----------
     15 >R thread_load
      2 R thread_load
     33 S thread_load
----------
      6 >R thread_load
      3 R thread_load
     35 S thread_load
----------
     19 >R thread_load
      4 R thread_load
     28 S thread_load
----------
     15 >R thread_load
      5 R thread_load
     27 S thread_load
----------
      8 >R thread_load
      8 R thread_load
     33 S thread_load
----------
     14 >R thread_load
      3 R thread_load
     28 S thread_load
----------
     11 >R thread_load
      4 R thread_load
     27 S thread_load
----------
     11 >R thread_load
      6 R thread_load
     29 S thread_load
----------
     14 >R thread_load
      6 R thread_load
     26 S thread_load
----------
     12 >R thread_load
      4 R thread_load
     27 S thread_load
----------
      1 S thread_load
----------
----------
----------
----------
----------
----------
----------
----------
----------
     16 >R thread_load
      6 R thread_load
     26 S thread_load
----------
     14 >R thread_load
     10 R thread_load
     32 S thread_load
----------
     14 >R thread_load
     12 R thread_load
     31 S thread_load
----------
      9 >R thread_load
      8 R thread_load
     32 S thread_load
----------
     11 >R thread_load
      7 R thread_load
     30 S thread_load
----------
     14 >R thread_load
      5 R thread_load
     30 S thread_load
----------
     11 >R thread_load
      7 R thread_load
     35 S thread_load
----------
     10 >R thread_load
      3 R thread_load
     33 S thread_load
----------
     11 >R thread_load
      9 R thread_load
     36 S thread_load
----------
      9 >R thread_load
      7 R thread_load
     35 S thread_load
----------
     15 >R thread_load
      9 R thread_load
     26 S thread_load
----------
     13 >R thread_load
      8 R thread_load
     27 S thread_load
----------
     14 >R thread_load
      6 R thread_load
     37 S thread_load
----------
     12 >R thread_load
      4 R thread_load
     35 S thread_load
----------
     14 >R thread_load
     11 R thread_load
     29 S thread_load
----------
     10 >R thread_load
      5 R thread_load
     40 S thread_load
----------
     16 >R thread_load
      2 R thread_load
     30 S thread_load
----------
      9 >R thread_load
      7 R thread_load
     34 S thread_load
----------
     13 >R thread_load
      4 R thread_load
     38 S thread_load
----------
     17 >R thread_load
      6 R thread_load
     27 S thread_load
----------
     16 >R thread_load
     10 R thread_load
     34 S thread_load
----------
     13 >R thread_load
      7 R thread_load
     30 S thread_load
----------
      1 S thread_load
----------
      1 S thread_load
----------
----------
----------
----------
----------
----------
----------
----------
----------
     14 >R thread_load
      6 R thread_load
     35 S thread_load
----------
     13 >R thread_load
      3 R thread_load
     40 S thread_load
----------
     18 >R thread_load
      6 R thread_load
     29 S thread_load
----------
     12 >R thread_load
     11 R thread_load
     40 S thread_load
----------
     12 >R thread_load
      8 R thread_load
     40 S thread_load
----------
     16 >R thread_load
      5 R thread_load
     38 S thread_load
----------
     12 >R thread_load
     10 R thread_load
     36 S thread_load
----------
     12 >R thread_load
      6 R thread_load
     36 S thread_load
----------
      9 >R thread_load
     10 R thread_load
     37 S thread_load
----------
     12 >R thread_load
      9 R thread_load
     37 S thread_load
----------
     12 >R thread_load
      4 R thread_load
     43 S thread_load
----------
     16 >R thread_load
      5 R thread_load
     38 S thread_load
----------
      7 >R thread_load
     11 R thread_load
     44 S thread_load
----------
     13 >R thread_load
      5 R thread_load
     38 S thread_load
----------
     14 >R thread_load
      5 R thread_load
     32 S thread_load
----------
     10 >R thread_load
      8 R thread_load
     42 S thread_load
----------
     16 >R thread_load
      5 R thread_load
     32 S thread_load
----------
     15 >R thread_load
      6 R thread_load
     43 S thread_load
----------
     16 >R thread_load
      8 R thread_load
     33 S thread_load
----------
     17 >R thread_load
      7 R thread_load
     34 S thread_load
----------
      1 S thread_load
----------
----------
----------
----------
----------
----------
----------
----------
----------
     12 >R thread_load
      8 R thread_load
     38 S thread_load
----------
     17 >R thread_load
     11 R thread_load
     38 S thread_load
----------
     15 >R thread_load
      6 R thread_load
     38 S thread_load
----------
     11 >R thread_load
      5 R thread_load
     39 S thread_load
----------
     14 >R thread_load
      9 R thread_load
     34 S thread_load
----------
     13 >R thread_load
     12 R thread_load
     43 S thread_load
----------
     18 >R thread_load
      3 R thread_load
     32 S thread_load
----------
     20 >R thread_load
      3 R thread_load
     30 S thread_load
----------
     14 >R thread_load
      6 R thread_load
     42 S thread_load
----------
     12 >R thread_load
      8 R thread_load
     45 S thread_load
----------
     10 >R thread_load
      9 R thread_load
     49 S thread_load
----------
     10 >R thread_load
     15 R thread_load
     42 S thread_load
----------
     12 >R thread_load
     16 R thread_load
     35 S thread_load
----------
     13 >R thread_load
      7 R thread_load
     39 S thread_load
----------
     13 >R thread_load
      7 R thread_load
     42 S thread_load
----------
     22 >R thread_load
      6 R thread_load
     30 S thread_load
----------
     11 >R thread_load
     17 R thread_load
     38 S thread_load
----------
     15 >R thread_load
     11 R thread_load
     34 S thread_load
----------
     11 >R thread_load
      6 R thread_load
     38 S thread_load
----------
      1 S thread_load
----------
      1 S thread_load
----------
----------
----------
----------
----------
----------
----------
----------
      9 >R thread_load
      4 R thread_load
     16 S thread_load
----------
     13 >R thread_load
     12 R thread_load
     44 S thread_load
----------
     15 >R thread_load
     12 R thread_load
     42 S thread_load
----------
     12 >R thread_load
     12 R thread_load
     38 S thread_load
----------
     17 >R thread_load
     11 R thread_load
     37 S thread_load
----------
     17 >R thread_load
      8 R thread_load
     40 S thread_load
----------
      9 >R thread_load
     10 R thread_load
     46 S thread_load
----------
     20 >R thread_load
      9 R thread_load
     36 S thread_load
----------
     12 >R thread_load
     12 R thread_load
     42 S thread_load
----------
     16 >R thread_load
     12 R thread_load
     46 S thread_load
----------
     17 >R thread_load
     10 R thread_load
     43 S thread_load
----------
     16 >R thread_load
      8 R thread_load
     47 S thread_load
----------
     15 >R thread_load
      7 R thread_load
     43 S thread_load
----------
     12 >R thread_load
      9 R thread_load
     47 S thread_load
----------
     19 >R thread_load
      6 R thread_load
     36 S thread_load
----------
     14 >R thread_load
      6 R thread_load
     52 S thread_load
----------
     19 >R thread_load
      9 R thread_load
     38 S thread_load
----------
     13 >R thread_load
     11 R thread_load
     41 S thread_load
----------
      1 S thread_load
----------
      1 S thread_load
----------
----------
----------
----------
----------
----------
----------
----------
----------
     17 >R thread_load
     12 R thread_load
     38 S thread_load
----------
     11 >R thread_load
     11 R thread_load
     45 S thread_load
----------
     19 >R thread_load
      6 R thread_load
     47 S thread_load
----------
     24 >R thread_load
      7 R thread_load
     39 S thread_load
----------
     13 >R thread_load
      6 R thread_load
     55 S thread_load
----------
     20 >R thread_load
     10 R thread_load
     40 S thread_load
----------
     15 >R thread_load
      9 R thread_load
     51 S thread_load
----------
     20 >R thread_load
     14 R thread_load
     45 S thread_load
----------
     15 >R thread_load
      4 R thread_load
     55 S thread_load
----------
     21 >R thread_load
      5 R thread_load
     46 S thread_load
----------
     18 >R thread_load
     11 R thread_load
     44 S thread_load
----------
     20 >R thread_load
     17 R thread_load
     35 S thread_load
----------
     13 >R thread_load
     17 R thread_load
     47 S thread_load
----------
     19 >R thread_load
      9 R thread_load
     45 S thread_load
----------
     16 >R thread_load
     14 R thread_load
     41 S thread_load
----------
     21 >R thread_load
     13 R thread_load
     45 S thread_load
----------
      1 S thread_load
----------
      1 S thread_load
----------
----------
----------
----------
----------
----------
----------
----------
      8 >R thread_load
      6 R thread_load
     27 S thread_load
----------
     17 >R thread_load
      8 R thread_load
     46 S thread_load
----------
     17 >R thread_load
     12 R thread_load
     39 S thread_load
----------
     23 >R thread_load
      8 R thread_load
     41 S thread_load
----------
     17 >R thread_load
     16 R thread_load
     41 S thread_load
----------
     11 >R thread_load
      9 R thread_load
     48 S thread_load
----------
     19 >R thread_load
     14 R thread_load
     48 S thread_load
----------
     21 >R thread_load
      7 R thread_load
     39 S thread_load
----------
     15 >R thread_load
     16 R thread_load
     60 S thread_load
----------
     23 >R thread_load
     10 R thread_load
     41 S thread_load
----------
     18 >R thread_load
     14 R thread_load
     48 S thread_load
----------
     19 >R thread_load
     14 R thread_load
     41 S thread_load
----------
     20 >R thread_load
     20 R thread_load
     39 S thread_load
----------
     19 >R thread_load
     10 R thread_load
     53 S thread_load
----------
     21 >R thread_load
     11 R thread_load
     52 S thread_load
----------
     17 >R thread_load
     23 R thread_load
     39 S thread_load
----------
      1 S thread_load
----------
      1 S thread_load
----------
----------
----------
----------
----------
----------
----------
----------
----------
     21 >R thread_load
     14 R thread_load
     48 S thread_load
----------
     19 >R thread_load
     24 R thread_load
     47 S thread_load
----------
     14 >R thread_load
     16 R thread_load
     52 S thread_load
----------
     14 >R thread_load
     13 R thread_load
     52 S thread_load
----------
     19 >R thread_load
      5 R thread_load
     54 S thread_load
----------
     18 >R thread_load
     28 R thread_load
     42 S thread_load
----------
     19 >R thread_load
     12 R thread_load
     44 S thread_load
----------
     17 >R thread_load
     15 R thread_load
     51 S thread_load
----------
     13 >R thread_load
     21 R thread_load
     48 S thread_load
----------
     18 >R thread_load
     11 R thread_load
     53 S thread_load
----------
     24 >R thread_load
     14 R thread_load
     46 S thread_load
----------
     18 >R thread_load
     15 R thread_load
     46 S thread_load
----------
     14 >R thread_load
     11 R thread_load
     51 S thread_load
----------
     19 >R thread_load
      8 R thread_load
     40 S thread_load
----------
     23 >R thread_load
     17 R thread_load
     47 S thread_load
----------
      1 S thread_load
----------
----------
----------
----------
----------
----------
----------
----------
----------
     21 >R thread_load
     20 R thread_load
     38 S thread_load
----------
     22 >R thread_load
     24 R thread_load
     46 S thread_load
----------
     25 >R thread_load
     14 R thread_load
     58 S thread_load
----------
     14 >R thread_load
     23 R thread_load
     50 S thread_load
----------
     15 >R thread_load
     19 R thread_load
     54 S thread_load
----------
     16 >R thread_load
     16 R thread_load
     65 S thread_load
----------
     17 >R thread_load
     20 R thread_load
     53 S thread_load
----------
     19 >R thread_load
     13 R thread_load
     51 S thread_load
----------
     15 >R thread_load
     16 R thread_load
     46 S thread_load
----------
     18 >R thread_load
     24 R thread_load
     45 S thread_load
----------
     19 >R thread_load
     17 R thread_load
     55 S thread_load
----------
     19 >R thread_load
     26 R thread_load
     47 S thread_load
----------
     24 >R thread_load
     14 R thread_load
     41 S thread_load
----------
     18 >R thread_load
     16 R thread_load
     51 S thread_load
----------
     14 >R thread_load
     15 R thread_load
     57 S thread_load
----------
      1 S thread_load
----------
----------
----------
----------
----------
----------
----------
----------
----------
     22 >R thread_load
     10 R thread_load
     58 S thread_load
----------
     20 >R thread_load
     11 R thread_load
     60 S thread_load
----------
     22 >R thread_load
     13 R thread_load
     62 S thread_load
----------
     23 >R thread_load
     14 R thread_load
     53 S thread_load
----------
     15 >R thread_load
     24 R thread_load
     49 S thread_load
----------
     21 >R thread_load
     15 R thread_load
     49 S thread_load
----------
     23 >R thread_load
     16 R thread_load
     42 S thread_load
----------
     23 >R thread_load
     14 R thread_load
     53 S thread_load
----------
     17 >R thread_load
     13 R thread_load
     54 S thread_load
----------
     16 >R thread_load
     14 R thread_load
     61 S thread_load
----------
     19 >R thread_load
     24 R thread_load
     46 S thread_load
----------
     19 >R thread_load
     20 R thread_load
     50 S thread_load
----------
     18 >R thread_load
     13 R thread_load
     51 S thread_load
----------
     23 >R thread_load
     19 R thread_load
     44 S thread_load
----------
      1 S thread_load
----------
      1 S thread_load
----------
----------
----------
----------
----------
----------
----------
----------
----------
     17 >R thread_load
     32 R thread_load
     46 S thread_load
----------
     26 >R thread_load
     25 R thread_load
     45 S thread_load
----------
     24 >R thread_load
     21 R thread_load
     54 S thread_load
----------
     19 >R thread_load
     18 R thread_load
     58 S thread_load
----------
     18 >R thread_load
     20 R thread_load
     59 S thread_load
----------
     15 >R thread_load
     16 R thread_load
     55 S thread_load
----------
     18 >R thread_load
     28 R thread_load
     46 S thread_load
----------
     26 >R thread_load
     14 R thread_load
     58 S thread_load
----------
     17 >R thread_load
     17 R thread_load
     69 S thread_load
----------
     22 >R thread_load
     22 R thread_load
     68 S thread_load
----------
     21 >R thread_load
     20 R thread_load
     57 S thread_load
----------
     20 >R thread_load
     17 R thread_load
     56 S thread_load
----------
     27 >R thread_load
     27 R thread_load
     49 S thread_load
----------
      1 S thread_load
----------
      1 S thread_load
----------
----------
----------
----------
----------
----------
----------
----------
----------
     24 >R thread_load
     25 R thread_load
     47 S thread_load
----------
     22 >R thread_load
     28 R thread_load
     54 S thread_load
----------
     19 >R thread_load
     17 R thread_load
     51 S thread_load
----------
     20 >R thread_load
     24 R thread_load
     64 S thread_load
----------
     21 >R thread_load
     23 R thread_load
     58 S thread_load
----------
     27 >R thread_load
     28 R thread_load
     60 S thread_load
----------
     17 >R thread_load
     23 R thread_load
     69 S thread_load
----------
     21 >R thread_load
     27 R thread_load
     60 S thread_load
----------
     18 >R thread_load
     33 R thread_load
     51 S thread_load
----------
     17 >R thread_load
     29 R thread_load
     66 S thread_load
----------
     17 >R thread_load
     16 R thread_load
     48 S thread_load
----------
     20 >R thread_load
     29 R thread_load
     57 S thread_load
----------
     21 >R thread_load
     16 R thread_load
     55 S thread_load
----------
      1 S thread_load
----------
      1 S thread_load
----------
----------
----------
----------
----------
----------
----------
----------
----------
----------
      2 >R thread_load
      5 S thread_load
----------
      1 >R thread_load
      6 S thread_load
----------
      7 S thread_load
----------
      7 S thread_load
----------
      7 S thread_load
----------
      1 >R thread_load
      6 S thread_load
----------
      7 S thread_load
----------
      2 R thread_load
      5 S thread_load
----------
      3 >R thread_load
      4 S thread_load
----------
      7 S thread_load
----------
      2 >R thread_load
      5 S thread_load
----------
      7 S thread_load
----------
      1 >R thread_load
      6 S thread_load
----------
      1 R thread_load
      6 S thread_load
----------
      1 >R thread_load
      6 S thread_load
----------
      2 >R thread_load
      5 S thread_load
----------
      7 S thread_load
----------
      7 S thread_load
----------
      7 S thread_load
----------
      1 >R thread_load
      6 S thread_load
----------
      1 >R thread_load
      6 S thread_load
----------
      7 S thread_load
----------
      1 >R thread_load
      6 S thread_load
----------
      7 S thread_load
----------
      2 >R thread_load
      1 R thread_load
      4 S thread_load
----------
      1 >R thread_load
      6 S thread_load
----------
      7 S thread_load
----------
      1 >R thread_load
      6 S thread_load
----------
      1 >R thread_load
      6 S thread_load
----------
      1 >R thread_load
      6 S thread_load
----------
      7 S thread_load
----------
      2 >R thread_load
      5 S thread_load
----------
      1 >R thread_load
      6 S thread_load
----------
      2 >R thread_load
      5 S thread_load
----------
      1 >R thread_load
      6 S thread_load
----------
      1 >R thread_load
      6 S thread_load
----------
      2 >R thread_load
      5 S thread_load
----------
      7 S thread_load
----------
      7 S thread_load
----------